<?xml version="1.0" encoding="UTF-8"?>
<!-- Generated by org.testng.reporters.JUnitReportReporter -->
<testsuite hostname="Kedar" failures="0" tests="1" name="TestCases.LoginPageTest" time="12.013" errors="0" timestamp="2022-07-18T16:55:43 IST" skipped="0">
  <testcase classname="TestCases.LoginPageTest" name="Tc_006_TitleVerify" time="12.013"/>
  <system-out/>
</testsuite> <!-- TestCases.LoginPageTest -->
