<?xml version="1.0" encoding="UTF-8"?>
<!-- Generated by org.testng.reporters.JUnitReportReporter -->
<testsuite hostname="Kedar" failures="0" tests="1" name="TestCases.LoginPageTest" time="25.876" errors="0" timestamp="2022-07-31T11:38:44 IST" skipped="0">
  <testcase classname="TestCases.LoginPageTest" name="Tc_006_TitleVerify" time="25.876"/>
  <system-out/>
</testsuite> <!-- TestCases.LoginPageTest -->
