<?xml version="1.0" encoding="UTF-8"?>
<!-- Generated by org.testng.reporters.JUnitReportReporter -->
<testsuite hostname="Kedar" failures="0" tests="1" name="TestCases.IpoTest" time="37.272" errors="0" timestamp="2022-05-15T19:03:07 IST" skipped="0">
  <testcase classname="TestCases.IpoTest" name="TC_001_Ipo_click" time="37.272"/>
  <system-out>
    <![CDATA[ipo clickSuccesfull]]>
  </system-out>
</testsuite> <!-- TestCases.IpoTest -->
