<?xml version="1.0" encoding="UTF-8"?>
<!-- Generated by org.testng.reporters.JUnitReportReporter -->
<testsuite hostname="Kedar" failures="0" tests="1" name="TestCases.test1" time="0.016" errors="0" timestamp="2022-04-07T17:30:23 IST" skipped="0">
  <testcase classname="TestCases.test1" name="Tc_01" time="0.016"/>
  <system-out/>
</testsuite> <!-- TestCases.test1 -->
