<?xml version="1.0" encoding="UTF-8"?>
<!-- Generated by org.testng.reporters.JUnitReportReporter -->
<testsuite hostname="Kedar" failures="0" tests="1" name="Utillity.Util" time="2.899" errors="0" timestamp="2022-04-13T18:04:34 IST" skipped="0">
  <testcase classname="Utillity.Util" name="readExcell" time="2.899"/>
  <system-out/>
</testsuite> <!-- Utillity.Util -->
